argc = 4
/umbc/lustre/student/users/edlafem1/math627/assignments/hw3/ver0.0suppliedfiles/./power
32
1.0e-12
50
n = 32, np = 2, l_n = 16

Dot product of x and y is  1.3707914165384976e+00 
Euclidean norm of x is  9.9999999999999989e-01 
y:
  ( 7.1744736852654634e-01 
 5.4602754278435306e-01 
 4.6283850970358276e-01 
 4.0896370732746490e-01 
 3.6967999726154560e-01 
 3.3910240672374897e-01 
 3.1429164247158942e-01 
 2.9357056463462100e-01 
 2.7589289510495735e-01 
 2.6056266678654977e-01 
 2.4709396619252028e-01 
 2.3513444346632076e-01 
 2.2442070435743364e-01 
 2.1475086803351504e-01 
 2.0596693286349579e-01 
 1.9794302612662718e-01 
 1.9057733048926728e-01 
 1.8378638901328609e-01 
 1.7750099540273898e-01 
 1.7166316851987792e-01 
 1.6622388558767370e-01 
 1.6114135706162486e-01 
 1.5637969523545281e-01 
 1.5190787369435213e-01 
 1.4769890475871794e-01 
 1.4372918247837241e-01 
 1.3997795286995568e-01 
 1.3642688303348843e-01 
 1.3305970788498100e-01 
 1.2986193838272417e-01 
 1.2682061889374976e-01 
 1.2392412414234558e-01 
)
Begin problem 2
Tolerance=         9.9999999999999998e-13 
Max iterations=    50
iterations=        12
lambda=            1.9984348114798109e+00 
err=               7.0621043068121955e-13 
norm of residual:  4.3311012582922177e-07 
x=
  ( 6.0614607622874817e-01 
 3.9032702811695330e-01 
 3.0174994672140315e-01 
 2.5055311425329496e-01 
 2.1626917272533619e-01 
 1.9132203902518621e-01 
 1.7216823198951425e-01 
 1.5689850614988454e-01 
 1.4438080853710461e-01 
 1.3389567605994576e-01 
 1.2496109910229314e-01 
 1.1724046730400774e-01 
 1.1049069091216050e-01 
 1.0453128898334897e-01 
 9.9225111390860793e-02 
 9.4465849905898985e-02 
 9.0169682200960277e-02 
 8.6269523979118273e-02 
 8.2710978831582599e-02 
 7.9449423480085990e-02 
 7.6447870587265460e-02 
 7.3675375422092154e-02 
 7.1105830137117090e-02 
 6.8717039009532549e-02 
 6.6490000474852415e-02 
 6.4408343487333736e-02 
 6.2457880518395514e-02 
 6.0626249735556297e-02 
 5.8902626098239617e-02 
 5.7277486237017915e-02 
 5.5742415689469978e-02 
 5.4289949776353520e-02 
)
Time elapsed for approximation: 2.746105194e-03
